<?xml version="1.0" encoding="UTF-8"?>
<testng-results skipped="0" failed="0" total="1" passed="1">
  <reporter-output>
    <line>
      <![CDATA[Properties File Data Read Successful]]>
    </line>
    <line>
      <![CDATA[Properties File Data Read Successful]]>
    </line>
    <line>
      <![CDATA[Properties File Data Read Successful]]>
    </line>
    <line>
      <![CDATA[Getting Browser Name]]>
    </line>
    <line>
      <![CDATA[Properties File Data Read Successful]]>
    </line>
    <line>
      <![CDATA[Properties File Data Read Successful]]>
    </line>
    <line>
      <![CDATA[Properties File Data Read Successful]]>
    </line>
    <line>
      <![CDATA[Properties File Data Read Successful]]>
    </line>
    <line>
      <![CDATA[Properties File Data Read Successful]]>
    </line>
    <line>
      <![CDATA[Properties File Data Read Successful]]>
    </line>
    <line>
      <![CDATA[Data Read from Excel Successfull]]>
    </line>
    <line>
      <![CDATA[Properties File Data Read Successful]]>
    </line>
    <line>
      <![CDATA[Properties File Data Read Successful]]>
    </line>
    <line>
      <![CDATA[Data Read from Excel Successfull]]>
    </line>
    <line>
      <![CDATA[Properties File Data Read Successful]]>
    </line>
    <line>
      <![CDATA[Properties File Data Read Successful]]>
    </line>
    <line>
      <![CDATA[Data Read from Excel Successfull]]>
    </line>
    <line>
      <![CDATA[Properties File Data Read Successful]]>
    </line>
    <line>
      <![CDATA[Properties File Data Read Successful]]>
    </line>
    <line>
      <![CDATA[Data Read from Excel Successfull]]>
    </line>
    <line>
      <![CDATA[Properties File Data Read Successful]]>
    </line>
    <line>
      <![CDATA[Properties File Data Read Successful]]>
    </line>
    <line>
      <![CDATA[Data Read from Excel Successfull]]>
    </line>
    <line>
      <![CDATA[Properties File Data Read Successful]]>
    </line>
    <line>
      <![CDATA[Properties File Data Read Successful]]>
    </line>
    <line>
      <![CDATA[Data Read from Excel Successfull]]>
    </line>
    <line>
      <![CDATA[Properties File Data Read Successful]]>
    </line>
    <line>
      <![CDATA[Properties File Data Read Successful]]>
    </line>
    <line>
      <![CDATA[Data Read from Excel Successfull]]>
    </line>
    <line>
      <![CDATA[Properties File Data Read Successful]]>
    </line>
    <line>
      <![CDATA[Properties File Data Read Successful]]>
    </line>
    <line>
      <![CDATA[Data Read from Excel Successfull]]>
    </line>
    <line>
      <![CDATA[Properties File Data Read Successful]]>
    </line>
    <line>
      <![CDATA[Properties File Data Read Successful]]>
    </line>
    <line>
      <![CDATA[Data Read from Excel Successfull]]>
    </line>
    <line>
      <![CDATA[Properties File Data Read Successful]]>
    </line>
    <line>
      <![CDATA[Properties File Data Read Successful]]>
    </line>
    <line>
      <![CDATA[Data Read from Excel Successfull]]>
    </line>
    <line>
      <![CDATA[Properties File Data Read Successful]]>
    </line>
    <line>
      <![CDATA[Properties File Data Read Successful]]>
    </line>
    <line>
      <![CDATA[Data Read from Excel Successfull]]>
    </line>
    <line>
      <![CDATA[Properties File Data Read Successful]]>
    </line>
    <line>
      <![CDATA[Properties File Data Read Successful]]>
    </line>
    <line>
      <![CDATA[Data Read from Excel Successfull]]>
    </line>
    <line>
      <![CDATA[Properties File Data Read Successful]]>
    </line>
    <line>
      <![CDATA[Properties File Data Read Successful]]>
    </line>
    <line>
      <![CDATA[Data Read from Excel Successfull]]>
    </line>
    <line>
      <![CDATA[Properties File Data Read Successful]]>
    </line>
    <line>
      <![CDATA[Properties File Data Read Successful]]>
    </line>
    <line>
      <![CDATA[Data Read from Excel Successfull]]>
    </line>
    <line>
      <![CDATA[Properties File Data Read Successful]]>
    </line>
    <line>
      <![CDATA[Properties File Data Read Successful]]>
    </line>
    <line>
      <![CDATA[Data Read from Excel Successfull]]>
    </line>
    <line>
      <![CDATA[Properties File Data Read Successful]]>
    </line>
    <line>
      <![CDATA[Properties File Data Read Successful]]>
    </line>
    <line>
      <![CDATA[Data Read from Excel Successfull]]>
    </line>
    <line>
      <![CDATA[Properties File Data Read Successful]]>
    </line>
    <line>
      <![CDATA[Properties File Data Read Successful]]>
    </line>
    <line>
      <![CDATA[Data Read from Excel Successfull]]>
    </line>
    <line>
      <![CDATA[Properties File Data Read Successful]]>
    </line>
    <line>
      <![CDATA[Properties File Data Read Successful]]>
    </line>
    <line>
      <![CDATA[Data Read from Excel Successfull]]>
    </line>
    <line>
      <![CDATA[Properties File Data Read Successful]]>
    </line>
    <line>
      <![CDATA[Properties File Data Read Successful]]>
    </line>
    <line>
      <![CDATA[Data Read from Excel Successfull]]>
    </line>
    <line>
      <![CDATA[Properties File Data Read Successful]]>
    </line>
    <line>
      <![CDATA[Properties File Data Read Successful]]>
    </line>
    <line>
      <![CDATA[Data Read from Excel Successfull]]>
    </line>
    <line>
      <![CDATA[Properties File Data Read Successful]]>
    </line>
    <line>
      <![CDATA[Properties File Data Read Successful]]>
    </line>
    <line>
      <![CDATA[Data Read from Excel Successfull]]>
    </line>
    <line>
      <![CDATA[Properties File Data Read Successful]]>
    </line>
    <line>
      <![CDATA[Properties File Data Read Successful]]>
    </line>
    <line>
      <![CDATA[Data Read from Excel Successfull]]>
    </line>
    <line>
      <![CDATA[Properties File Data Read Successful]]>
    </line>
    <line>
      <![CDATA[Properties File Data Read Successful]]>
    </line>
    <line>
      <![CDATA[Data Read from Excel Successfull]]>
    </line>
    <line>
      <![CDATA[Browser Closed]]>
    </line>
    <line>
      <![CDATA[Browser Closed]]>
    </line>
  </reporter-output>
  <suite name="Default suite" duration-ms="98490" started-at="2018-02-26T12:03:22Z" finished-at="2018-02-26T12:05:00Z">
    <groups>
      <group name="Regression">
        <method signature="RegistrationSuccessfully.userRegistrationSuccessfully()[pri:0, instance:IMarket_Registration.RegistrationSuccessfully@4f970963]" name="userRegistrationSuccessfully" class="IMarket_Registration.RegistrationSuccessfully"/>
      </group> <!-- Regression -->
    </groups>
    <test name="Default test" duration-ms="98490" started-at="2018-02-26T12:03:22Z" finished-at="2018-02-26T12:05:00Z">
      <class name="IMarket_Registration.RegistrationSuccessfully">
        <test-method status="PASS" signature="printSuiteName()[pri:0, instance:IMarket_Registration.RegistrationSuccessfully@4f970963]" name="printSuiteName" is-config="true" duration-ms="175" started-at="2018-02-26T17:33:21Z" finished-at="2018-02-26T17:33:22Z">
          <reporter-output>
            <line>
              <![CDATA[Properties File Data Read Successful]]>
            </line>
            <line>
              <![CDATA[Properties File Data Read Successful]]>
            </line>
          </reporter-output>
        </test-method> <!-- printSuiteName -->
        <test-method status="PASS" signature="setUp()[pri:0, instance:IMarket_Registration.RegistrationSuccessfully@4f970963]" name="setUp" is-config="true" duration-ms="0" started-at="2018-02-26T17:33:22Z" finished-at="2018-02-26T17:33:22Z">
          <reporter-output>
            <line>
              <![CDATA[Properties File Data Read Successful]]>
            </line>
          </reporter-output>
        </test-method> <!-- setUp -->
        <test-method status="PASS" signature="initiateBrowser()[pri:0, instance:IMarket_Registration.RegistrationSuccessfully@4f970963]" name="initiateBrowser" is-config="true" duration-ms="9025" started-at="2018-02-26T17:33:22Z" finished-at="2018-02-26T17:33:31Z">
          <reporter-output>
            <line>
              <![CDATA[Getting Browser Name]]>
            </line>
            <line>
              <![CDATA[Properties File Data Read Successful]]>
            </line>
            <line>
              <![CDATA[Properties File Data Read Successful]]>
            </line>
            <line>
              <![CDATA[Properties File Data Read Successful]]>
            </line>
            <line>
              <![CDATA[Properties File Data Read Successful]]>
            </line>
          </reporter-output>
        </test-method> <!-- initiateBrowser -->
        <test-method status="PASS" signature="userRegistrationSuccessfully()[pri:0, instance:IMarket_Registration.RegistrationSuccessfully@4f970963]" name="userRegistrationSuccessfully" duration-ms="88461" started-at="2018-02-26T17:33:31Z" finished-at="2018-02-26T17:34:59Z">
          <reporter-output>
            <line>
              <![CDATA[Properties File Data Read Successful]]>
            </line>
            <line>
              <![CDATA[Properties File Data Read Successful]]>
            </line>
            <line>
              <![CDATA[Data Read from Excel Successfull]]>
            </line>
            <line>
              <![CDATA[Properties File Data Read Successful]]>
            </line>
            <line>
              <![CDATA[Properties File Data Read Successful]]>
            </line>
            <line>
              <![CDATA[Data Read from Excel Successfull]]>
            </line>
            <line>
              <![CDATA[Properties File Data Read Successful]]>
            </line>
            <line>
              <![CDATA[Properties File Data Read Successful]]>
            </line>
            <line>
              <![CDATA[Data Read from Excel Successfull]]>
            </line>
            <line>
              <![CDATA[Properties File Data Read Successful]]>
            </line>
            <line>
              <![CDATA[Properties File Data Read Successful]]>
            </line>
            <line>
              <![CDATA[Data Read from Excel Successfull]]>
            </line>
            <line>
              <![CDATA[Properties File Data Read Successful]]>
            </line>
            <line>
              <![CDATA[Properties File Data Read Successful]]>
            </line>
            <line>
              <![CDATA[Data Read from Excel Successfull]]>
            </line>
            <line>
              <![CDATA[Properties File Data Read Successful]]>
            </line>
            <line>
              <![CDATA[Properties File Data Read Successful]]>
            </line>
            <line>
              <![CDATA[Data Read from Excel Successfull]]>
            </line>
            <line>
              <![CDATA[Properties File Data Read Successful]]>
            </line>
            <line>
              <![CDATA[Properties File Data Read Successful]]>
            </line>
            <line>
              <![CDATA[Data Read from Excel Successfull]]>
            </line>
            <line>
              <![CDATA[Properties File Data Read Successful]]>
            </line>
            <line>
              <![CDATA[Properties File Data Read Successful]]>
            </line>
            <line>
              <![CDATA[Data Read from Excel Successfull]]>
            </line>
            <line>
              <![CDATA[Properties File Data Read Successful]]>
            </line>
            <line>
              <![CDATA[Properties File Data Read Successful]]>
            </line>
            <line>
              <![CDATA[Data Read from Excel Successfull]]>
            </line>
            <line>
              <![CDATA[Properties File Data Read Successful]]>
            </line>
            <line>
              <![CDATA[Properties File Data Read Successful]]>
            </line>
            <line>
              <![CDATA[Data Read from Excel Successfull]]>
            </line>
            <line>
              <![CDATA[Properties File Data Read Successful]]>
            </line>
            <line>
              <![CDATA[Properties File Data Read Successful]]>
            </line>
            <line>
              <![CDATA[Data Read from Excel Successfull]]>
            </line>
            <line>
              <![CDATA[Properties File Data Read Successful]]>
            </line>
            <line>
              <![CDATA[Properties File Data Read Successful]]>
            </line>
            <line>
              <![CDATA[Data Read from Excel Successfull]]>
            </line>
            <line>
              <![CDATA[Properties File Data Read Successful]]>
            </line>
            <line>
              <![CDATA[Properties File Data Read Successful]]>
            </line>
            <line>
              <![CDATA[Data Read from Excel Successfull]]>
            </line>
            <line>
              <![CDATA[Properties File Data Read Successful]]>
            </line>
            <line>
              <![CDATA[Properties File Data Read Successful]]>
            </line>
            <line>
              <![CDATA[Data Read from Excel Successfull]]>
            </line>
            <line>
              <![CDATA[Properties File Data Read Successful]]>
            </line>
            <line>
              <![CDATA[Properties File Data Read Successful]]>
            </line>
            <line>
              <![CDATA[Data Read from Excel Successfull]]>
            </line>
            <line>
              <![CDATA[Properties File Data Read Successful]]>
            </line>
            <line>
              <![CDATA[Properties File Data Read Successful]]>
            </line>
            <line>
              <![CDATA[Data Read from Excel Successfull]]>
            </line>
            <line>
              <![CDATA[Properties File Data Read Successful]]>
            </line>
            <line>
              <![CDATA[Properties File Data Read Successful]]>
            </line>
            <line>
              <![CDATA[Data Read from Excel Successfull]]>
            </line>
            <line>
              <![CDATA[Properties File Data Read Successful]]>
            </line>
            <line>
              <![CDATA[Properties File Data Read Successful]]>
            </line>
            <line>
              <![CDATA[Data Read from Excel Successfull]]>
            </line>
            <line>
              <![CDATA[Properties File Data Read Successful]]>
            </line>
            <line>
              <![CDATA[Properties File Data Read Successful]]>
            </line>
            <line>
              <![CDATA[Data Read from Excel Successfull]]>
            </line>
            <line>
              <![CDATA[Properties File Data Read Successful]]>
            </line>
            <line>
              <![CDATA[Properties File Data Read Successful]]>
            </line>
            <line>
              <![CDATA[Data Read from Excel Successfull]]>
            </line>
            <line>
              <![CDATA[Properties File Data Read Successful]]>
            </line>
            <line>
              <![CDATA[Properties File Data Read Successful]]>
            </line>
            <line>
              <![CDATA[Data Read from Excel Successfull]]>
            </line>
            <line>
              <![CDATA[Properties File Data Read Successful]]>
            </line>
            <line>
              <![CDATA[Properties File Data Read Successful]]>
            </line>
            <line>
              <![CDATA[Data Read from Excel Successfull]]>
            </line>
            <line>
              <![CDATA[Properties File Data Read Successful]]>
            </line>
            <line>
              <![CDATA[Properties File Data Read Successful]]>
            </line>
            <line>
              <![CDATA[Data Read from Excel Successfull]]>
            </line>
          </reporter-output>
        </test-method> <!-- userRegistrationSuccessfully -->
        <test-method status="PASS" signature="getResult(org.testng.ITestResult)[pri:0, instance:IMarket_Registration.RegistrationSuccessfully@4f970963]" name="getResult" is-config="true" duration-ms="807" started-at="2018-02-26T17:34:59Z" finished-at="2018-02-26T17:35:00Z">
          <params>
            <param index="0">
              <value>
                <![CDATA[[TestResult name=userRegistrationSuccessfully status=SUCCESS method=RegistrationSuccessfully.userRegistrationSuccessfully()[pri:0, instance:IMarket_Registration.RegistrationSuccessfully@4f970963] output=Properties File Data Read Successful]]]>
              </value>
            </param>
          </params>
          <reporter-output>
            <line>
              <![CDATA[Browser Closed]]>
            </line>
          </reporter-output>
        </test-method> <!-- getResult -->
        <test-method status="PASS" signature="tearDown()[pri:0, instance:IMarket_Registration.RegistrationSuccessfully@4f970963]" name="tearDown" is-config="true" duration-ms="0" started-at="2018-02-26T17:35:00Z" finished-at="2018-02-26T17:35:00Z">
          <reporter-output>
            <line>
              <![CDATA[Browser Closed]]>
            </line>
          </reporter-output>
        </test-method> <!-- tearDown -->
        <test-method status="PASS" signature="endReport()[pri:0, instance:IMarket_Registration.RegistrationSuccessfully@4f970963]" name="endReport" is-config="true" duration-ms="186" started-at="2018-02-26T17:35:00Z" finished-at="2018-02-26T17:35:00Z">
          <reporter-output>
          </reporter-output>
        </test-method> <!-- endReport -->
        <test-method status="PASS" signature="generateExcelReport()[pri:0, instance:IMarket_Registration.RegistrationSuccessfully@4f970963]" name="generateExcelReport" is-config="true" duration-ms="1" started-at="2018-02-26T17:35:00Z" finished-at="2018-02-26T17:35:00Z">
          <reporter-output>
          </reporter-output>
        </test-method> <!-- generateExcelReport -->
      </class> <!-- IMarket_Registration.RegistrationSuccessfully -->
    </test> <!-- Default test -->
  </suite> <!-- Default suite -->
</testng-results>
